-------------------------------------------------------------------------------
Test set: com.gftworkshopcatalog.services.PromotionServiceImplTest
-------------------------------------------------------------------------------
<<<<<<< HEAD
Tests run: 4, Failures: 0, Errors: 0, Skipped: 0, Time elapsed: 0.357 s -- in com.gftworkshopcatalog.services.PromotionServiceImplTest
=======
Tests run: 4, Failures: 1, Errors: 0, Skipped: 0, Time elapsed: 0.344 s <<< FAILURE! -- in com.gftworkshopcatalog.services.PromotionServiceImplTest
com.gftworkshopcatalog.services.PromotionServiceImplTest.test_findPromotionById -- Time elapsed: 0.051 s <<< FAILURE!
org.opentest4j.AssertionFailedError: The product should not be null ==> expected: not <null>
	at org.junit.jupiter.api.AssertionFailureBuilder.build(AssertionFailureBuilder.java:152)
	at org.junit.jupiter.api.AssertionFailureBuilder.buildAndThrow(AssertionFailureBuilder.java:132)
	at org.junit.jupiter.api.AssertNotNull.failNull(AssertNotNull.java:49)
	at org.junit.jupiter.api.AssertNotNull.assertNotNull(AssertNotNull.java:35)
	at org.junit.jupiter.api.Assertions.assertNotNull(Assertions.java:312)
	at com.gftworkshopcatalog.services.PromotionServiceImplTest.test_findPromotionById(PromotionServiceImplTest.java:99)
	at java.base/java.lang.reflect.Method.invoke(Method.java:580)
	at java.base/java.util.ArrayList.forEach(ArrayList.java:1597)
	at java.base/java.util.ArrayList.forEach(ArrayList.java:1597)

>>>>>>> 2c95e9a3f5aa3817adce872a265fb8d6a3ac5220
